Start testing: Nov 25 16:45 CET
----------------------------------------------------------
1/3 Testing: read_xyz_file
1/3 Test: read_xyz_file
Command: "/data/jgarcia/codes/wannier2sparse/build/test/read_xyz_file/read_xyz_file"
Directory: /data/jgarcia/codes/wannier2sparse/build/test/read_xyz_file
"read_xyz_file" start time: Nov 25 16:45 CET
Output:
----------------------------------------------------------
<end of output>
Test time =   0.00 sec
----------------------------------------------------------
Test Passed.
"read_xyz_file" end time: Nov 25 16:45 CET
"read_xyz_file" time elapsed: 00:00:00
----------------------------------------------------------

2/3 Testing: read_unit_cell_file
2/3 Test: read_unit_cell_file
Command: "/data/jgarcia/codes/wannier2sparse/build/test/read_unit_cell_file/read_unit_cell_file"
Directory: /data/jgarcia/codes/wannier2sparse/build/test/read_unit_cell_file
"read_unit_cell_file" start time: Nov 25 16:45 CET
Output:
----------------------------------------------------------
<end of output>
Test time =   0.01 sec
----------------------------------------------------------
Test Passed.
"read_unit_cell_file" end time: Nov 25 16:45 CET
"read_unit_cell_file" time elapsed: 00:00:00
----------------------------------------------------------

3/3 Testing: model_from_files
3/3 Test: model_from_files
Command: "/data/jgarcia/codes/wannier2sparse/build/test/model_from_files/model_from_files"
Directory: /data/jgarcia/codes/wannier2sparse/build/test/model_from_files
"model_from_files" start time: Nov 25 16:45 CET
Output:
----------------------------------------------------------
<end of output>
Test time =   0.00 sec
----------------------------------------------------------
Test Passed.
"model_from_files" end time: Nov 25 16:45 CET
"model_from_files" time elapsed: 00:00:00
----------------------------------------------------------

End testing: Nov 25 16:45 CET
